<?xml version="1.0" encoding="UTF-8"?>
<!-- Generated by org.testng.reporters.JUnitXMLReporter -->
<testsuite hostname="USLMAKAHOSSAIN1" name="Default test" tests="8" failures="0" timestamp="2 Nov 2016 20:32:39 GMT" time="0.05" errors="0">
  <testcase name="arraysFailures_1" time="0.016" classname="com.deloitte.AppTest"/>
  <testcase name="arraysFailures_2" time="0.0" classname="com.deloitte.AppTest"/>
  <testcase name="arraysFailures_3" time="0.0" classname="com.deloitte.AppTest"/>
  <testcase name="intArray_Issue4" time="0.001" classname="com.deloitte.AppTest"/>
  <testcase name="int_Integer_Arrays" time="0.001" classname="com.deloitte.AppTest"/>
  <testcase name="noOrderFailure" time="0.001" classname="com.deloitte.AppTest"/>
  <testcase name="noOrderSuccess" time="0.0" classname="com.deloitte.AppTest"/>
  <testcase name="setsSuccess" time="0.002" classname="com.deloitte.AppTest"/>
</testsuite> <!-- Default test -->
